c:\researchdocuments\vcproj\randomgenerationmodels\randomgenerationmodels\release\main.obj
c:\researchdocuments\vcproj\randomgenerationmodels\randomgenerationmodels\release\vc100.pdb
c:\researchdocuments\vcproj\randomgenerationmodels\release\randomgenerationmodels.exe
c:\researchdocuments\vcproj\randomgenerationmodels\randomgenerationmodels\release\randomgenerationmodels.exe.intermediate.manifest
c:\researchdocuments\vcproj\randomgenerationmodels\release\randomgenerationmodels.pdb
c:\researchwork\vcproj\randomgenerationmodels\randomgenerationmodels\release\vc120.pdb
c:\researchwork\vcproj\randomgenerationmodels\randomgenerationmodels\release\main.obj
c:\researchwork\vcproj\randomgenerationmodels\release\randomgenerationmodels.exe
c:\researchwork\vcproj\randomgenerationmodels\release\randomgenerationmodels.pdb
c:\researchwork\vcproj\randomgenerationmodels\randomgenerationmodels\release\randomgenerationmodels.vcxprojresolveassemblyreference.cache
c:\researchwork\vcproj\randomgenerationmodels\randomgenerationmodels\release\cl.command.1.tlog
c:\researchwork\vcproj\randomgenerationmodels\randomgenerationmodels\release\cl.read.1.tlog
c:\researchwork\vcproj\randomgenerationmodels\randomgenerationmodels\release\cl.write.1.tlog
c:\researchwork\vcproj\randomgenerationmodels\randomgenerationmodels\release\link.command.1.tlog
c:\researchwork\vcproj\randomgenerationmodels\randomgenerationmodels\release\link.read.1.tlog
c:\researchwork\vcproj\randomgenerationmodels\randomgenerationmodels\release\link.write.1.tlog
c:\researchwork\vcproj\randomgenerationmodels\randomgenerationmodels\release\mt.command.1.tlog
c:\researchwork\vcproj\randomgenerationmodels\randomgenerationmodels\release\mt.read.1.tlog
c:\researchwork\vcproj\randomgenerationmodels\randomgenerationmodels\release\mt.write.1.tlog
c:\researchwork\vcproj\randomgenerationmodels\randomgenerationmodels\release\randomgenerationmodels.write.1.tlog
c:\researchwork\vcproj\randomgenerationmodels\randomgenerationmodels\release\randomgenerationmodels.exe.intermediate.manifest
c:\researchwork\vcproj\randomgenerationmodels\randomgenerationmodels\release\vc100.pdb
c:\researchwork\vcproj\randomgenerationmodels\randomgenerationmodels\release\randomge.022b5c91.tlog\cl.command.1.tlog
c:\researchwork\vcproj\randomgenerationmodels\randomgenerationmodels\release\randomge.022b5c91.tlog\cl.read.1.tlog
c:\researchwork\vcproj\randomgenerationmodels\randomgenerationmodels\release\randomge.022b5c91.tlog\cl.write.1.tlog
c:\researchwork\vcproj\randomgenerationmodels\randomgenerationmodels\release\randomge.022b5c91.tlog\link.command.1.tlog
c:\researchwork\vcproj\randomgenerationmodels\randomgenerationmodels\release\randomge.022b5c91.tlog\link.read.1.tlog
c:\researchwork\vcproj\randomgenerationmodels\randomgenerationmodels\release\randomge.022b5c91.tlog\link.write.1.tlog
