Build started 25/04/2015 01:32:17.
     1>Project "C:\ResearchWork\VCProj\RandomGenerationModels\RandomGenerationModels\RandomGenerationModels.vcxproj" on node 2 (build target(s)).
     1>InitializeBuildStatus:
         Creating "Release\RandomGenerationModels.unsuccessfulbuild" because "AlwaysCreate" was specified.
       ClCompile:
         c:\Program Files\Microsoft Visual Studio 10.0\VC\bin\CL.exe /c /I./include /Zi /nologo /W3 /WX- /O2 /Oi /Oy- /GL /D WIN32 /D NDEBUG /D _CONSOLE /D _UNICODE /D UNICODE /Gm- /EHsc /MD /GS /Gy /fp:precise /Zc:wchar_t /Zc:forScope /Fo"Release\\" /Fd"Release\vc100.pdb" /Gd /TP /analyze- /errorReport:prompt main.cpp
         main.cpp
     1>c:\researchwork\vcproj\randomgenerationmodels\randomgenerationmodels\include\opencv2\flann\logger.h(66): warning C4996: 'fopen': This function or variable may be unsafe. Consider using fopen_s instead. To disable deprecation, use _CRT_SECURE_NO_WARNINGS. See online help for details.
                 c:\Program Files\Microsoft Visual Studio 10.0\VC\include\stdio.h(234) : see declaration of 'fopen'
       Link:
         c:\Program Files\Microsoft Visual Studio 10.0\VC\bin\link.exe /ERRORREPORT:PROMPT /OUT:"C:\ResearchWork\VCProj\RandomGenerationModels\Release\RandomGenerationModels.exe" /INCREMENTAL:NO /NOLOGO /LIBPATH:./lib opencv_core247.lib opencv_highgui247.lib opencv_imgproc247.lib kernel32.lib user32.lib gdi32.lib winspool.lib comdlg32.lib advapi32.lib shell32.lib ole32.lib oleaut32.lib uuid.lib odbc32.lib odbccp32.lib /MANIFEST /ManifestFile:"Release\RandomGenerationModels.exe.intermediate.manifest" /MANIFESTUAC:"level='asInvoker' uiAccess='false'" /DEBUG /PDB:"C:\ResearchWork\VCProj\RandomGenerationModels\Release\RandomGenerationModels.pdb" /SUBSYSTEM:CONSOLE /OPT:REF /OPT:ICF /LTCG /TLBID:1 /DYNAMICBASE /NXCOMPAT /IMPLIB:"C:\ResearchWork\VCProj\RandomGenerationModels\Release\RandomGenerationModels.lib" /MACHINE:X86 Release\main.obj
         Generating code
         Finished generating code
         RandomGenerationModels.vcxproj -> C:\ResearchWork\VCProj\RandomGenerationModels\Release\RandomGenerationModels.exe
       Manifest:
         c:\Program Files\Microsoft SDKs\Windows\v7.0A\bin\mt.exe /nologo /verbose /outputresource:"C:\ResearchWork\VCProj\RandomGenerationModels\Release\RandomGenerationModels.exe;#1" /manifest Release\RandomGenerationModels.exe.intermediate.manifest
       FinalizeBuildStatus:
         Deleting file "Release\RandomGenerationModels.unsuccessfulbuild".
         Touching "Release\RandomGenerationModels.lastbuildstate".
     1>Done Building Project "C:\ResearchWork\VCProj\RandomGenerationModels\RandomGenerationModels\RandomGenerationModels.vcxproj" (build target(s)).

Build succeeded.

Time Elapsed 00:00:05.69
